mode: atomic
github.com/bijukunjummen/app-autoscaler-client/client/autoscaler_client.go:35.88,39.16 3 7
github.com/bijukunjummen/app-autoscaler-client/client/autoscaler_client.go:43.2,46.8 1 7
github.com/bijukunjummen/app-autoscaler-client/client/autoscaler_client.go:39.16,41.3 1 0
github.com/bijukunjummen/app-autoscaler-client/client/autoscaler_client.go:49.104,52.16 3 1
github.com/bijukunjummen/app-autoscaler-client/client/autoscaler_client.go:55.2,56.16 2 1
github.com/bijukunjummen/app-autoscaler-client/client/autoscaler_client.go:60.2,63.57 3 1
github.com/bijukunjummen/app-autoscaler-client/client/autoscaler_client.go:67.2,67.31 1 1
github.com/bijukunjummen/app-autoscaler-client/client/autoscaler_client.go:52.16,54.3 1 0
github.com/bijukunjummen/app-autoscaler-client/client/autoscaler_client.go:56.16,58.3 1 0
github.com/bijukunjummen/app-autoscaler-client/client/autoscaler_client.go:63.57,65.3 1 0
github.com/bijukunjummen/app-autoscaler-client/client/autoscaler_client.go:71.113,74.16 3 1
github.com/bijukunjummen/app-autoscaler-client/client/autoscaler_client.go:78.2,79.16 2 1
github.com/bijukunjummen/app-autoscaler-client/client/autoscaler_client.go:82.2,85.48 3 1
github.com/bijukunjummen/app-autoscaler-client/client/autoscaler_client.go:88.2,88.22 1 1
github.com/bijukunjummen/app-autoscaler-client/client/autoscaler_client.go:74.16,76.3 1 0
github.com/bijukunjummen/app-autoscaler-client/client/autoscaler_client.go:79.16,81.3 1 0
github.com/bijukunjummen/app-autoscaler-client/client/autoscaler_client.go:85.48,87.3 1 0
github.com/bijukunjummen/app-autoscaler-client/client/autoscaler_client.go:91.140,95.16 3 1
github.com/bijukunjummen/app-autoscaler-client/client/autoscaler_client.go:98.2,100.16 2 1
github.com/bijukunjummen/app-autoscaler-client/client/autoscaler_client.go:104.2,105.16 2 1
github.com/bijukunjummen/app-autoscaler-client/client/autoscaler_client.go:108.2,111.55 3 1
github.com/bijukunjummen/app-autoscaler-client/client/autoscaler_client.go:114.2,114.29 1 1
github.com/bijukunjummen/app-autoscaler-client/client/autoscaler_client.go:95.16,97.3 1 0
github.com/bijukunjummen/app-autoscaler-client/client/autoscaler_client.go:100.16,102.3 1 0
github.com/bijukunjummen/app-autoscaler-client/client/autoscaler_client.go:105.16,107.3 1 0
github.com/bijukunjummen/app-autoscaler-client/client/autoscaler_client.go:111.55,113.3 1 0
github.com/bijukunjummen/app-autoscaler-client/client/autoscaler_client.go:117.123,119.2 1 0
github.com/bijukunjummen/app-autoscaler-client/client/autoscaler_client.go:121.133,125.16 3 1
github.com/bijukunjummen/app-autoscaler-client/client/autoscaler_client.go:129.2,130.16 2 1
github.com/bijukunjummen/app-autoscaler-client/client/autoscaler_client.go:133.2,136.62 3 1
github.com/bijukunjummen/app-autoscaler-client/client/autoscaler_client.go:139.2,139.35 1 1
github.com/bijukunjummen/app-autoscaler-client/client/autoscaler_client.go:125.16,127.3 1 0
github.com/bijukunjummen/app-autoscaler-client/client/autoscaler_client.go:130.16,132.3 1 0
github.com/bijukunjummen/app-autoscaler-client/client/autoscaler_client.go:136.62,138.3 1 0
github.com/bijukunjummen/app-autoscaler-client/client/autoscaler_client.go:142.184,146.16 3 1
github.com/bijukunjummen/app-autoscaler-client/client/autoscaler_client.go:150.2,152.16 2 1
github.com/bijukunjummen/app-autoscaler-client/client/autoscaler_client.go:156.2,157.16 2 1
github.com/bijukunjummen/app-autoscaler-client/client/autoscaler_client.go:160.2,163.68 3 1
github.com/bijukunjummen/app-autoscaler-client/client/autoscaler_client.go:166.2,166.42 1 1
github.com/bijukunjummen/app-autoscaler-client/client/autoscaler_client.go:146.16,148.3 1 0
github.com/bijukunjummen/app-autoscaler-client/client/autoscaler_client.go:152.16,154.3 1 0
github.com/bijukunjummen/app-autoscaler-client/client/autoscaler_client.go:157.16,159.3 1 0
github.com/bijukunjummen/app-autoscaler-client/client/autoscaler_client.go:163.68,165.3 1 0
github.com/bijukunjummen/app-autoscaler-client/client/autoscaler_client.go:169.203,173.16 3 1
github.com/bijukunjummen/app-autoscaler-client/client/autoscaler_client.go:177.2,179.16 2 1
github.com/bijukunjummen/app-autoscaler-client/client/autoscaler_client.go:183.2,184.16 2 1
github.com/bijukunjummen/app-autoscaler-client/client/autoscaler_client.go:187.2,190.68 3 1
github.com/bijukunjummen/app-autoscaler-client/client/autoscaler_client.go:193.2,193.42 1 1
github.com/bijukunjummen/app-autoscaler-client/client/autoscaler_client.go:173.16,175.3 1 0
github.com/bijukunjummen/app-autoscaler-client/client/autoscaler_client.go:179.16,181.3 1 0
github.com/bijukunjummen/app-autoscaler-client/client/autoscaler_client.go:184.16,186.3 1 0
github.com/bijukunjummen/app-autoscaler-client/client/autoscaler_client.go:190.68,192.3 1 0
github.com/bijukunjummen/app-autoscaler-client/client/autoscaler_client.go:195.122,200.16 3 1
github.com/bijukunjummen/app-autoscaler-client/client/autoscaler_client.go:204.2,206.16 2 1
github.com/bijukunjummen/app-autoscaler-client/client/autoscaler_client.go:209.2,209.12 1 1
github.com/bijukunjummen/app-autoscaler-client/client/autoscaler_client.go:200.16,202.3 1 0
github.com/bijukunjummen/app-autoscaler-client/client/autoscaler_client.go:206.16,208.3 1 0
