mode: atomic
github.com/bijukunjummen/app-autoscaler-client/uaa_client/uaa_client.go:56.30,64.2 1 1
github.com/bijukunjummen/app-autoscaler-client/uaa_client/uaa_client.go:67.58,71.31 3 1
github.com/bijukunjummen/app-autoscaler-client/uaa_client/uaa_client.go:80.2,82.16 2 1
github.com/bijukunjummen/app-autoscaler-client/uaa_client/uaa_client.go:86.2,86.9 1 1
github.com/bijukunjummen/app-autoscaler-client/uaa_client/uaa_client.go:96.2,100.20 2 1
github.com/bijukunjummen/app-autoscaler-client/uaa_client/uaa_client.go:71.31,73.3 1 0
github.com/bijukunjummen/app-autoscaler-client/uaa_client/uaa_client.go:73.3,78.3 2 1
github.com/bijukunjummen/app-autoscaler-client/uaa_client/uaa_client.go:82.16,84.3 1 0
github.com/bijukunjummen/app-autoscaler-client/uaa_client/uaa_client.go:87.2,88.48 1 0
github.com/bijukunjummen/app-autoscaler-client/uaa_client/uaa_client.go:89.2,91.17 2 1
github.com/bijukunjummen/app-autoscaler-client/uaa_client/uaa_client.go:91.17,93.4 1 0
github.com/bijukunjummen/app-autoscaler-client/uaa_client/uaa_client.go:103.86,105.2 1 1
github.com/bijukunjummen/app-autoscaler-client/uaa_client/uaa_client.go:107.109,109.2 1 1
github.com/bijukunjummen/app-autoscaler-client/uaa_client/uaa_client.go:111.106,113.2 1 0
github.com/bijukunjummen/app-autoscaler-client/uaa_client/uaa_client.go:115.92,127.16 3 1
github.com/bijukunjummen/app-autoscaler-client/uaa_client/uaa_client.go:131.2,134.20 3 1
github.com/bijukunjummen/app-autoscaler-client/uaa_client/uaa_client.go:127.16,129.3 1 0
github.com/bijukunjummen/app-autoscaler-client/uaa_client/uaa_client.go:137.85,147.2 4 0
github.com/bijukunjummen/app-autoscaler-client/uaa_client/uaa_client.go:149.70,152.15 2 1
github.com/bijukunjummen/app-autoscaler-client/uaa_client/uaa_client.go:156.2,157.16 2 1
github.com/bijukunjummen/app-autoscaler-client/uaa_client/uaa_client.go:160.2,164.16 4 1
github.com/bijukunjummen/app-autoscaler-client/uaa_client/uaa_client.go:168.2,168.23 1 1
github.com/bijukunjummen/app-autoscaler-client/uaa_client/uaa_client.go:152.15,154.3 1 0
github.com/bijukunjummen/app-autoscaler-client/uaa_client/uaa_client.go:157.16,159.3 1 0
github.com/bijukunjummen/app-autoscaler-client/uaa_client/uaa_client.go:164.16,166.3 1 0
